#
# There is insufficient memory for the Java Runtime Environment to continue.
# Native memory allocation (malloc) failed to allocate 1502272 bytes for Chunk::new
# Possible reasons:
#   The system is out of physical RAM or swap space
#   The process is running with CompressedOops enabled, and the Java Heap may be blocking the growth of the native heap
# Possible solutions:
#   Reduce memory load on the system
#   Increase physical memory or swap space
#   Check if swap backing store is full
#   Decrease Java heap size (-Xmx/-Xms)
#   Decrease number of Java threads
#   Decrease Java thread stack sizes (-Xss)
#   Set larger code cache with -XX:ReservedCodeCacheSize=
#   JVM is running with Unscaled Compressed Oops mode in which the Java heap is
#     placed in the first 4GB address space. The Java Heap base address is the
#     maximum limit for the native heap growth. Please use -XX:HeapBaseMinAddress
#     to set the Java Heap base and to place the Java Heap above 4GB virtual address.
# This output file may be truncated or incomplete.
#
#  Out of Memory Error (allocation.cpp:389), pid=9872, tid=0x0000000000003650
#
# JRE version: Java(TM) SE Runtime Environment (8.0_211-b12) (build 1.8.0_211-b12)
# Java VM: Java HotSpot(TM) 64-Bit Server VM (25.211-b12 mixed mode windows-amd64 compressed oops)
# Failed to write core dump. Minidumps are not enabled by default on client versions of Windows
#

---------------  T H R E A D  ---------------

Current thread (0x0000000008fef000):  JavaThread "C2 CompilerThread1" daemon [_thread_in_native, id=13904, stack(0x000000000a740000,0x000000000a840000)]

Stack: [0x000000000a740000,0x000000000a840000]
[error occurred during error reporting (printing stack bounds), id 0xc0000005]

Native frames: (J=compiled Java code, j=interpreted, Vv=VM code, C=native code)


Current CompileTask:
C2:   5851 1458   !   4       java.net.URLClassLoader$1::run (63 bytes)


---------------  P R O C E S S  ---------------

Java Threads: ( => current thread )
  0x000000000d0ab800 JavaThread "Cache worker for journal cache (C:\Users\GAISAAKS\.gradle\caches\journal-1)" [_thread_blocked, id=8300, stack(0x00000000200b0000,0x00000000201b0000)]
  0x000000000d0a7000 JavaThread "File lock request listener" [_thread_in_native, id=14204, stack(0x000000001efe0000,0x000000001f0e0000)]
  0x000000000d0a7800 JavaThread "Cache worker for file hash cache (C:\Users\GAISAAKS\.gradle\caches\6.7.1\fileHashes)" [_thread_blocked, id=14388, stack(0x000000000ed60000,0x000000000ee60000)]
  0x000000000c452000 JavaThread "Thread-9" [_thread_blocked, id=5344, stack(0x000000000ea60000,0x000000000eb60000)]
  0x000000000c5cd000 JavaThread "Stdin handler" [_thread_blocked, id=6660, stack(0x000000000e960000,0x000000000ea60000)]
  0x000000000c5c8000 JavaThread "Asynchronous log dispatcher for DefaultDaemonConnection: socket connection from /127.0.0.1:59577 to /127.0.0.1:59578" [_thread_blocked, id=2272, stack(0x000000000e860000,0x000000000e960000)]
  0x000000000cb25000 JavaThread "Daemon worker" [_thread_in_vm, id=4020, stack(0x000000000e760000,0x000000000e860000)]
  0x000000000cb24800 JavaThread "Cancel handler" [_thread_blocked, id=15036, stack(0x000000000e660000,0x000000000e760000)]
  0x000000000ca07000 JavaThread "Handler for socket connection from /127.0.0.1:59577 to /127.0.0.1:59578" [_thread_in_native, id=12668, stack(0x000000000e360000,0x000000000e460000)]
  0x000000000c9f0000 JavaThread "Daemon" [_thread_blocked, id=11220, stack(0x000000000e260000,0x000000000e360000)]
  0x000000000c9ee800 JavaThread "Daemon periodic checks" [_thread_blocked, id=12544, stack(0x000000000e160000,0x000000000e260000)]
  0x000000000c9ed000 JavaThread "Incoming local TCP Connector on port 59577" [_thread_in_native, id=15236, stack(0x000000000df20000,0x000000000e020000)]
  0x000000000c985000 JavaThread "Daemon health stats" [_thread_blocked, id=9020, stack(0x000000000d6e0000,0x000000000d7e0000)]
  0x000000000a980000 JavaThread "Service Thread" daemon [_thread_blocked, id=15032, stack(0x000000000ad40000,0x000000000ae40000)]
  0x0000000008ff7000 JavaThread "C1 CompilerThread2" daemon [_thread_blocked, id=6720, stack(0x000000000a840000,0x000000000a940000)]
=>0x0000000008fef000 JavaThread "C2 CompilerThread1" daemon [_thread_in_native, id=13904, stack(0x000000000a740000,0x000000000a840000)]
  0x0000000008fec800 JavaThread "C2 CompilerThread0" daemon [_thread_in_native, id=12548, stack(0x000000000a640000,0x000000000a740000)]
  0x0000000008fe7800 JavaThread "Attach Listener" daemon [_thread_blocked, id=14380, stack(0x000000000a540000,0x000000000a640000)]
  0x0000000008fe6800 JavaThread "Signal Dispatcher" daemon [_thread_blocked, id=1236, stack(0x000000000a440000,0x000000000a540000)]
  0x0000000008fcb000 JavaThread "Finalizer" daemon [_thread_blocked, id=13304, stack(0x000000000a240000,0x000000000a340000)]
  0x0000000008fca000 JavaThread "Reference Handler" daemon [_thread_blocked, id=568, stack(0x000000000a140000,0x000000000a240000)]
  0x00000000032be800 JavaThread "main" [_thread_blocked, id=14376, stack(0x0000000003110000,0x0000000003210000)]

Other Threads:
  0x0000000008fa9000 VMThread [stack: 0x000000000a040000,0x000000000a140000] [id=2696]
  0x000000000a981000 WatcherThread [stack: 0x000000000ae40000,0x000000000af40000] [id=14992]

VM state:not at safepoint (normal execution)

VM Mutex/Monitor currently owned by a thread: None

heap address: 0x0000000080000000, size: 2048 MB, Compressed Oops mode: 32-bit
Narrow klass base: 0x0000000000000000, Narrow klass shift: 3
Compressed class space size: 1073741824 Address: 0x0000000100000000

Heap:
 PSYoungGen      total 31232K, used 8708K [0x00000000d5580000, 0x00000000d9480000, 0x0000000100000000)
  eden space 23552K, 8% used [0x00000000d5580000,0x00000000d576fc48,0x00000000d6c80000)
  from space 7680K, 87% used [0x00000000d7480000,0x00000000d7b113b8,0x00000000d7c00000)
  to   space 8192K, 0% used [0x00000000d6c80000,0x00000000d6c80000,0x00000000d7480000)
 ParOldGen       total 65536K, used 4585K [0x0000000080000000, 0x0000000084000000, 0x00000000d5580000)
  object space 65536K, 6% used [0x0000000080000000,0x000000008047a490,0x0000000084000000)
 Metaspace       used 16506K, capacity 17128K, committed 17408K, reserved 1064960K
  class space    used 2370K, capacity 2534K, committed 2560K, reserved 1048576K

Card table byte_map: [0x0000000003780000,0x0000000003b90000] byte_map_base: 0x0000000003380000

Marking Bits: (ParMarkBitMap*) 0x000000005a235ce0
 Begin Bits: [0x0000000004240000, 0x0000000006240000)
 End Bits:   [0x0000000006240000, 0x0000000008240000)

Polling page: 0x0000000001890000

CodeCache: size=245760Kb used=5436Kb max_used=5436Kb free=240323Kb
 bounds [0x000000000f010000, 0x000000000f570000, 0x000000001e010000]
 total_blobs=1938 nmethods=1542 adapters=308
 compilation: enabled

Compilation events (10 events):
Event: 5.827 Thread 0x0000000008ff7000 1542       3       java.lang.invoke.LambdaForm::uncustomize (58 bytes)
Event: 5.827 Thread 0x0000000008ff7000 nmethod 1542 0x000000000f55ef10 code [0x000000000f55f080, 0x000000000f55f330]
Event: 5.831 Thread 0x0000000008ff7000 1543       3       java.util.concurrent.locks.AbstractQueuedSynchronizer::compareAndSetState (13 bytes)
Event: 5.831 Thread 0x0000000008ff7000 nmethod 1543 0x000000000f55f3d0 code [0x000000000f55f520, 0x000000000f55f690]
Event: 5.833 Thread 0x0000000008ff7000 1544       3       org.gradle.internal.service.DefaultServiceRegistry$SingletonService::getAll (23 bytes)
Event: 5.833 Thread 0x0000000008ff7000 nmethod 1544 0x000000000f55f710 code [0x000000000f55f8a0, 0x000000000f55fbe8]
Event: 5.837 Thread 0x0000000008ff7000 1545       1       sun.reflect.generics.repository.AbstractRepository::getFactory (5 bytes)
Event: 5.838 Thread 0x0000000008ff7000 nmethod 1545 0x000000000f55fd10 code [0x000000000f55fe60, 0x000000000f55ff70]
Event: 5.840 Thread 0x0000000008ff7000 1546       3       java.lang.reflect.Modifier::isProtected (12 bytes)
Event: 5.840 Thread 0x0000000008ff7000 nmethod 1546 0x000000000f55ffd0 code [0x000000000f560120, 0x000000000f5602b0]

GC Heap History (10 events):
Event: 2.289 GC heap before
{Heap before GC invocations=2 (full 0):
 PSYoungGen      total 28672K, used 28094K [0x00000000d5580000, 0x00000000d7580000, 0x0000000100000000)
  eden space 24576K, 100% used [0x00000000d5580000,0x00000000d6d80000,0x00000000d6d80000)
  from space 4096K, 85% used [0x00000000d6d80000,0x00000000d70efb50,0x00000000d7180000)
  to   space 4096K, 0% used [0x00000000d7180000,0x00000000d7180000,0x00000000d7580000)
 ParOldGen       total 65536K, used 8K [0x0000000080000000, 0x0000000084000000, 0x00000000d5580000)
  object space 65536K, 0% used [0x0000000080000000,0x0000000080002000,0x0000000084000000)
 Metaspace       used 7186K, capacity 7470K, committed 7680K, reserved 1056768K
  class space    used 906K, capacity 1005K, committed 1024K, reserved 1048576K
Event: 2.295 GC heap after
Heap after GC invocations=2 (full 0):
 PSYoungGen      total 28672K, used 3229K [0x00000000d5580000, 0x00000000d7580000, 0x0000000100000000)
  eden space 24576K, 0% used [0x00000000d5580000,0x00000000d5580000,0x00000000d6d80000)
  from space 4096K, 78% used [0x00000000d7180000,0x00000000d74a7608,0x00000000d7580000)
  to   space 4096K, 0% used [0x00000000d6d80000,0x00000000d6d80000,0x00000000d7180000)
 ParOldGen       total 65536K, used 16K [0x0000000080000000, 0x0000000084000000, 0x00000000d5580000)
  object space 65536K, 0% used [0x0000000080000000,0x0000000080004000,0x0000000084000000)
 Metaspace       used 7186K, capacity 7470K, committed 7680K, reserved 1056768K
  class space    used 906K, capacity 1005K, committed 1024K, reserved 1048576K
}
Event: 2.659 GC heap before
{Heap before GC invocations=3 (full 0):
 PSYoungGen      total 28672K, used 27805K [0x00000000d5580000, 0x00000000d7580000, 0x0000000100000000)
  eden space 24576K, 100% used [0x00000000d5580000,0x00000000d6d80000,0x00000000d6d80000)
  from space 4096K, 78% used [0x00000000d7180000,0x00000000d74a7608,0x00000000d7580000)
  to   space 4096K, 0% used [0x00000000d6d80000,0x00000000d6d80000,0x00000000d7180000)
 ParOldGen       total 65536K, used 16K [0x0000000080000000, 0x0000000084000000, 0x00000000d5580000)
  object space 65536K, 0% used [0x0000000080000000,0x0000000080004000,0x0000000084000000)
 Metaspace       used 7477K, capacity 7814K, committed 8064K, reserved 1056768K
  class space    used 963K, capacity 1077K, committed 1152K, reserved 1048576K
Event: 2.664 GC heap after
Heap after GC invocations=3 (full 0):
 PSYoungGen      total 28672K, used 3713K [0x00000000d5580000, 0x00000000d7580000, 0x0000000100000000)
  eden space 24576K, 0% used [0x00000000d5580000,0x00000000d5580000,0x00000000d6d80000)
  from space 4096K, 90% used [0x00000000d6d80000,0x00000000d7120608,0x00000000d7180000)
  to   space 4096K, 0% used [0x00000000d7180000,0x00000000d7180000,0x00000000d7580000)
 ParOldGen       total 65536K, used 24K [0x0000000080000000, 0x0000000084000000, 0x00000000d5580000)
  object space 65536K, 0% used [0x0000000080000000,0x0000000080006000,0x0000000084000000)
 Metaspace       used 7477K, capacity 7814K, committed 8064K, reserved 1056768K
  class space    used 963K, capacity 1077K, committed 1152K, reserved 1048576K
}
Event: 4.739 GC heap before
{Heap before GC invocations=4 (full 0):
 PSYoungGen      total 28672K, used 28289K [0x00000000d5580000, 0x00000000d7580000, 0x0000000100000000)
  eden space 24576K, 100% used [0x00000000d5580000,0x00000000d6d80000,0x00000000d6d80000)
  from space 4096K, 90% used [0x00000000d6d80000,0x00000000d7120608,0x00000000d7180000)
  to   space 4096K, 0% used [0x00000000d7180000,0x00000000d7180000,0x00000000d7580000)
 ParOldGen       total 65536K, used 24K [0x0000000080000000, 0x0000000084000000, 0x00000000d5580000)
  object space 65536K, 0% used [0x0000000080000000,0x0000000080006000,0x0000000084000000)
 Metaspace       used 12017K, capacity 12380K, committed 12544K, reserved 1060864K
  class space    used 1631K, capacity 1754K, committed 1792K, reserved 1048576K
Event: 4.748 GC heap after
Heap after GC invocations=4 (full 0):
 PSYoungGen      total 28672K, used 4064K [0x00000000d5580000, 0x00000000d7580000, 0x0000000100000000)
  eden space 24576K, 0% used [0x00000000d5580000,0x00000000d5580000,0x00000000d6d80000)
  from space 4096K, 99% used [0x00000000d7180000,0x00000000d7578020,0x00000000d7580000)
  to   space 4096K, 0% used [0x00000000d6d80000,0x00000000d6d80000,0x00000000d7180000)
 ParOldGen       total 65536K, used 2061K [0x0000000080000000, 0x0000000084000000, 0x00000000d5580000)
  object space 65536K, 3% used [0x0000000080000000,0x0000000080203620,0x0000000084000000)
 Metaspace       used 12017K, capacity 12380K, committed 12544K, reserved 1060864K
  class space    used 1631K, capacity 1754K, committed 1792K, reserved 1048576K
}
Event: 5.208 GC heap before
{Heap before GC invocations=5 (full 0):
 PSYoungGen      total 28672K, used 28640K [0x00000000d5580000, 0x00000000d7580000, 0x0000000100000000)
  eden space 24576K, 100% used [0x00000000d5580000,0x00000000d6d80000,0x00000000d6d80000)
  from space 4096K, 99% used [0x00000000d7180000,0x00000000d7578020,0x00000000d7580000)
  to   space 4096K, 0% used [0x00000000d6d80000,0x00000000d6d80000,0x00000000d7180000)
 ParOldGen       total 65536K, used 2061K [0x0000000080000000, 0x0000000084000000, 0x00000000d5580000)
  object space 65536K, 3% used [0x0000000080000000,0x0000000080203620,0x0000000084000000)
 Metaspace       used 13975K, capacity 14326K, committed 14464K, reserved 1060864K
  class space    used 1974K, capacity 2077K, committed 2176K, reserved 1048576K
Event: 5.216 GC heap after
Heap after GC invocations=5 (full 0):
 PSYoungGen      total 28160K, used 4064K [0x00000000d5580000, 0x00000000d7c00000, 0x0000000100000000)
  eden space 24064K, 0% used [0x00000000d5580000,0x00000000d5580000,0x00000000d6d00000)
  from space 4096K, 99% used [0x00000000d6d80000,0x00000000d7178020,0x00000000d7180000)
  to   space 7680K, 0% used [0x00000000d7480000,0x00000000d7480000,0x00000000d7c00000)
 ParOldGen       total 65536K, used 4577K [0x0000000080000000, 0x0000000084000000, 0x00000000d5580000)
  object space 65536K, 6% used [0x0000000080000000,0x0000000080478490,0x0000000084000000)
 Metaspace       used 13975K, capacity 14326K, committed 14464K, reserved 1060864K
  class space    used 1974K, capacity 2077K, committed 2176K, reserved 1048576K
}
Event: 5.793 GC heap before
{Heap before GC invocations=6 (full 0):
 PSYoungGen      total 28160K, used 28128K [0x00000000d5580000, 0x00000000d7c00000, 0x0000000100000000)
  eden space 24064K, 100% used [0x00000000d5580000,0x00000000d6d00000,0x00000000d6d00000)
  from space 4096K, 99% used [0x00000000d6d80000,0x00000000d7178020,0x00000000d7180000)
  to   space 7680K, 0% used [0x00000000d7480000,0x00000000d7480000,0x00000000d7c00000)
 ParOldGen       total 65536K, used 4577K [0x0000000080000000, 0x0000000084000000, 0x00000000d5580000)
  object space 65536K, 6% used [0x0000000080000000,0x0000000080478490,0x0000000084000000)
 Metaspace       used 16314K, capacity 16896K, committed 17152K, reserved 1064960K
  class space    used 2343K, capacity 2500K, committed 2560K, reserved 1048576K
Event: 5.813 GC heap after
Heap after GC invocations=6 (full 0):
 PSYoungGen      total 31232K, used 6724K [0x00000000d5580000, 0x00000000d9480000, 0x0000000100000000)
  eden space 23552K, 0% used [0x00000000d5580000,0x00000000d5580000,0x00000000d6c80000)
  from space 7680K, 87% used [0x00000000d7480000,0x00000000d7b113b8,0x00000000d7c00000)
  to   space 8192K, 0% used [0x00000000d6c80000,0x00000000d6c80000,0x00000000d7480000)
 ParOldGen       total 65536K, used 4585K [0x0000000080000000, 0x0000000084000000, 0x00000000d5580000)
  object space 65536K, 6% used [0x0000000080000000,0x000000008047a490,0x0000000084000000)
 Metaspace       used 16314K, capacity 16896K, committed 17152K, reserved 1064960K
  class space    used 2343K, capacity 2500K, committed 2560K, reserved 1048576K
}

Deoptimization events (10 events):
Event: 4.754 Thread 0x000000000cb25000 Uncommon trap: reason=bimorphic action=maybe_recompile pc=0x000000000f25c980 method=java.util.HashMap.putVal(ILjava/lang/Object;Ljava/lang/Object;ZZ)Ljava/lang/Object; @ 253
Event: 4.755 Thread 0x000000000cb25000 Uncommon trap: reason=bimorphic action=maybe_recompile pc=0x000000000f25c980 method=java.util.HashMap.putVal(ILjava/lang/Object;Ljava/lang/Object;ZZ)Ljava/lang/Object; @ 253
Event: 4.755 Thread 0x000000000cb25000 Uncommon trap: reason=bimorphic action=maybe_recompile pc=0x000000000f25c980 method=java.util.HashMap.putVal(ILjava/lang/Object;Ljava/lang/Object;ZZ)Ljava/lang/Object; @ 253
Event: 4.755 Thread 0x000000000cb25000 Uncommon trap: reason=bimorphic action=maybe_recompile pc=0x000000000f264c9c method=java.util.HashMap.putVal(ILjava/lang/Object;Ljava/lang/Object;ZZ)Ljava/lang/Object; @ 253
Event: 5.294 Thread 0x000000000cb25000 Uncommon trap: reason=class_check action=maybe_recompile pc=0x000000000f345114 method=java.util.regex.Matcher.match(II)Z @ 86
Event: 5.330 Thread 0x000000000cb25000 Uncommon trap: reason=class_check action=maybe_recompile pc=0x000000000f345114 method=java.util.regex.Matcher.match(II)Z @ 86
Event: 5.330 Thread 0x000000000cb25000 Uncommon trap: reason=class_check action=maybe_recompile pc=0x000000000f345114 method=java.util.regex.Matcher.match(II)Z @ 86
Event: 5.331 Thread 0x000000000cb25000 Uncommon trap: reason=class_check action=maybe_recompile pc=0x000000000f1c6c9c method=java.util.regex.Matcher.match(II)Z @ 86
Event: 5.471 Thread 0x000000000cb25000 Uncommon trap: reason=unstable_if action=reinterpret pc=0x000000000f345e9c method=java.io.File.getName()Ljava/lang/String; @ 16
Event: 5.471 Thread 0x000000000cb25000 Uncommon trap: reason=unstable_if action=reinterpret pc=0x000000000f33c094 method=java.lang.String.substring(I)Ljava/lang/String; @ 35

Classes redefined (0 events):
No events

Internal exceptions (10 events):
Event: 4.654 Thread 0x000000000ca07000 Exception <a 'java/lang/NoSuchMethodError': <clinit>> (0x00000000d6b693d8) thrown at [C:\re\workspace\8-2-build-windows-amd64-cygwin\jdk8u211\12973\hotspot\src\share\vm\prims\jni.cpp, line 1614]
Event: 4.657 Thread 0x000000000ca07000 Exception <a 'java/lang/NoSuchMethodError': <clinit>> (0x00000000d6b829b8) thrown at [C:\re\workspace\8-2-build-windows-amd64-cygwin\jdk8u211\12973\hotspot\src\share\vm\prims\jni.cpp, line 1614]
Event: 4.672 Thread 0x000000000ca07000 Exception <a 'java/lang/NoSuchMethodError': <clinit>> (0x00000000d6beee20) thrown at [C:\re\workspace\8-2-build-windows-amd64-cygwin\jdk8u211\12973\hotspot\src\share\vm\prims\jni.cpp, line 1614]
Event: 4.684 Thread 0x000000000ca07000 Exception <a 'java/lang/NoSuchMethodError': <clinit>> (0x00000000d6c2b1e8) thrown at [C:\re\workspace\8-2-build-windows-amd64-cygwin\jdk8u211\12973\hotspot\src\share\vm\prims\jni.cpp, line 1614]
Event: 4.696 Thread 0x000000000ca07000 Exception <a 'java/lang/NoSuchMethodError': <clinit>> (0x00000000d6c62a98) thrown at [C:\re\workspace\8-2-build-windows-amd64-cygwin\jdk8u211\12973\hotspot\src\share\vm\prims\jni.cpp, line 1614]
Event: 5.143 Thread 0x000000000cb25000 Exception <a 'java/lang/NoSuchMethodError': java.lang.Object.lambda$static$0(Lorg/gradle/internal/state/ModelObject;)Ljava/lang/String;> (0x00000000d6899b18) thrown at [C:\re\workspace\8-2-build-windows-amd64-cygwin\jdk8u211\12973\hotspot\src\share\vm\int
Event: 5.611 Thread 0x000000000cb25000 Exception <a 'java/lang/NoSuchMethodError': java.lang.Object.lambda$and$0(Ljava/util/function/Predicate;Ljava/lang/Object;)Z> (0x00000000d651c168) thrown at [C:\re\workspace\8-2-build-windows-amd64-cygwin\jdk8u211\12973\hotspot\src\share\vm\interpreter\li
Event: 5.623 Thread 0x000000000cb25000 Exception <a 'java/lang/IncompatibleClassChangeError': Found class java.lang.Object, but interface was expected> (0x00000000d652c4f8) thrown at [C:\re\workspace\8-2-build-windows-amd64-cygwin\jdk8u211\12973\hotspot\src\share\vm\interpreter\linkResolver.cp
Event: 5.629 Thread 0x000000000cb25000 Exception <a 'java/lang/NoSuchMethodError': java.lang.Object.lambda$or$2(Ljava/util/function/Predicate;Ljava/lang/Object;)Z> (0x00000000d6531230) thrown at [C:\re\workspace\8-2-build-windows-amd64-cygwin\jdk8u211\12973\hotspot\src\share\vm\interpreter\lin
Event: 5.691 Thread 0x000000000cb25000 Exception <a 'java/lang/NoSuchMethodError': java.lang.Object.lambda$comparing$77a9974f$1(Ljava/util/function/Function;Ljava/lang/Object;Ljava/lang/Object;)I> (0x00000000d68d2228) thrown at [C:\re\workspace\8-2-build-windows-amd64-cygwin\jdk8u211\12973\hot

Events (10 events):
Event: 5.845 loading class org/gradle/kotlin/dsl/provider/ClassPathModeExceptionCollector
Event: 5.845 loading class org/gradle/kotlin/dsl/provider/ClassPathModeExceptionCollector done
Event: 5.846 loading class org/gradle/plugin/use/internal/PluginRequestApplicator
Event: 5.846 loading class org/gradle/plugin/use/internal/PluginRequestApplicator done
Event: 5.846 loading class org/gradle/plugin/management/internal/autoapply/AutoAppliedPluginHandler
Event: 5.846 loading class org/gradle/plugin/management/internal/autoapply/AutoAppliedPluginHandler done
Event: 5.846 loading class org/gradle/kotlin/dsl/provider/PluginRequestsHandler
Event: 5.846 loading class org/gradle/kotlin/dsl/provider/PluginRequestsHandler done
Event: 5.847 loading class kotlin/jvm/functions/Function2
Event: 5.847 loading class kotlin/jvm/functions/Function2 done


Dynamic libraries:
0x00007ff78c1e0000 - 0x00007ff78c217000 	C:\GAI_ExtHDD\Old_F_DRIVE\Java\jdk1.8.0_211\bin\java.exe
0x00007fffdd410000 - 0x00007fffdd605000 	C:\Windows\SYSTEM32\ntdll.dll
0x00007fffdc520000 - 0x00007fffdc5dd000 	C:\Windows\System32\KERNEL32.DLL
0x00007fffdaf90000 - 0x00007fffdb258000 	C:\Windows\System32\KERNELBASE.dll
0x00007fffdc710000 - 0x00007fffdc7bc000 	C:\Windows\System32\ADVAPI32.dll
0x00007fffdc140000 - 0x00007fffdc1de000 	C:\Windows\System32\msvcrt.dll
0x00007fffdd050000 - 0x00007fffdd0eb000 	C:\Windows\System32\sechost.dll
0x00007fffdbfb0000 - 0x00007fffdc0db000 	C:\Windows\System32\RPCRT4.dll
0x00007fffdbe10000 - 0x00007fffdbfb0000 	C:\Windows\System32\USER32.dll
0x00007fffdab50000 - 0x00007fffdab72000 	C:\Windows\System32\win32u.dll
0x00007fffdd230000 - 0x00007fffdd25a000 	C:\Windows\System32\GDI32.dll
0x00007fffdb360000 - 0x00007fffdb46b000 	C:\Windows\System32\gdi32full.dll
0x00007fffdabb0000 - 0x00007fffdac4d000 	C:\Windows\System32\msvcp_win.dll
0x00007fffdb260000 - 0x00007fffdb360000 	C:\Windows\System32\ucrtbase.dll
0x00007fffb3bc0000 - 0x00007fffb3e5a000 	C:\Windows\WinSxS\amd64_microsoft.windows.common-controls_6595b64144ccf1df_6.0.19041.844_none_ca00b6081b84eb1d\COMCTL32.dll
0x00007fffdd2d0000 - 0x00007fffdd300000 	C:\Windows\System32\IMM32.DLL
0x00007fffda960000 - 0x00007fffda991000 	C:\Windows\system32\nvinitx.dll
0x00007fffda950000 - 0x00007fffda95a000 	C:\Windows\SYSTEM32\VERSION.dll
0x000000000f000000 - 0x000000000f006000 	C:\Program Files\NVIDIA Corporation\CoProcManager\_etoured.dll
0x00007fffd66a0000 - 0x00007fffd66d2000 	C:\Program Files\NVIDIA Corporation\CoProcManager\nvd3d9wrapx.dll
0x00007fffdb640000 - 0x00007fffdbaa9000 	C:\Windows\System32\SETUPAPI.dll
0x00007fffdaf40000 - 0x00007fffdaf8e000 	C:\Windows\System32\cfgmgr32.dll
0x00007fffdab80000 - 0x00007fffdaba7000 	C:\Windows\System32\bcrypt.dll
0x00007fffd6670000 - 0x00007fffd6692000 	C:\Program Files\NVIDIA Corporation\CoProcManager\nvdxgiwrapx.dll
0x000000005a2c0000 - 0x000000005a392000 	C:\GAI_ExtHDD\Old_F_DRIVE\Java\jdk1.8.0_211\jre\bin\msvcr100.dll
0x0000000059a10000 - 0x000000005a2b5000 	C:\GAI_ExtHDD\Old_F_DRIVE\Java\jdk1.8.0_211\jre\bin\server\jvm.dll
0x00007fffdd2c0000 - 0x00007fffdd2c8000 	C:\Windows\System32\PSAPI.DLL
0x00007fffcd8c0000 - 0x00007fffcd8c9000 	C:\Windows\SYSTEM32\WSOCK32.dll
0x00007fffdc7c0000 - 0x00007fffdc82b000 	C:\Windows\System32\WS2_32.dll
0x00007fffcc720000 - 0x00007fffcc747000 	C:\Windows\SYSTEM32\WINMM.dll
0x00007fffd6500000 - 0x00007fffd650f000 	C:\GAI_ExtHDD\Old_F_DRIVE\Java\jdk1.8.0_211\jre\bin\verify.dll
0x00007fffc55e0000 - 0x00007fffc5609000 	C:\GAI_ExtHDD\Old_F_DRIVE\Java\jdk1.8.0_211\jre\bin\java.dll
0x00007fffc55c0000 - 0x00007fffc55d6000 	C:\GAI_ExtHDD\Old_F_DRIVE\Java\jdk1.8.0_211\jre\bin\zip.dll
0x00007fffdc900000 - 0x00007fffdd042000 	C:\Windows\System32\SHELL32.dll
0x00007fffd8c10000 - 0x00007fffd93a0000 	C:\Windows\SYSTEM32\windows.storage.dll
0x00007fffdbab0000 - 0x00007fffdbe05000 	C:\Windows\System32\combase.dll
0x00007fffda3d0000 - 0x00007fffda3fc000 	C:\Windows\SYSTEM32\Wldp.dll
0x00007fffdd320000 - 0x00007fffdd3ce000 	C:\Windows\System32\SHCORE.dll
0x00007fffdb5e0000 - 0x00007fffdb635000 	C:\Windows\System32\shlwapi.dll
0x00007fffdaa90000 - 0x00007fffdaaaf000 	C:\Windows\SYSTEM32\profapi.dll
0x00007fffb1110000 - 0x00007fffb112a000 	C:\GAI_ExtHDD\Old_F_DRIVE\Java\jdk1.8.0_211\jre\bin\net.dll
0x00007fffcff50000 - 0x00007fffd013e000 	C:\Windows\SYSTEM32\urlmon.dll
0x00007fffcf7f0000 - 0x00007fffcfaa0000 	C:\Windows\SYSTEM32\iertutil.dll
0x00007fffda1b0000 - 0x00007fffda21a000 	C:\Windows\system32\mswsock.dll
0x00007fffb0fa0000 - 0x00007fffb0fb2000 	C:\GAI_ExtHDD\Old_F_DRIVE\Java\jdk1.8.0_211\jre\bin\nio.dll
0x00007fffac250000 - 0x00007fffac277000 	C:\Users\GAISAAKS\.gradle\native\fdc75f09e3144964f2cf3f50f0aa648679c211496f362492102eb8c894070792\windows-amd64\native-platform.dll
0x00007fff93480000 - 0x00007fff93616000 	C:\Users\GAISAAKS\.gradle\native\12488b8bf47d2d4c9fbf2f6322a914ad602e24e48041cd04a747c6da556b65c4\windows-amd64\native-platform-file-events.dll
0x00007fffce7a0000 - 0x00007fffce7ad000 	C:\GAI_ExtHDD\Old_F_DRIVE\Java\jdk1.8.0_211\jre\bin\management.dll
0x00007fffda410000 - 0x00007fffda428000 	C:\Windows\SYSTEM32\CRYPTSP.dll
0x00007fffd9b70000 - 0x00007fffd9ba4000 	C:\Windows\system32\rsaenh.dll
0x00007fffdaa50000 - 0x00007fffdaa7e000 	C:\Windows\SYSTEM32\USERENV.dll
0x00007fffdac50000 - 0x00007fffdacd0000 	C:\Windows\System32\bcryptprimitives.dll
0x00007fffda330000 - 0x00007fffda33c000 	C:\Windows\SYSTEM32\CRYPTBASE.dll
0x00007fffd9ec0000 - 0x00007fffd9efb000 	C:\Windows\SYSTEM32\IPHLPAPI.DLL
0x00007fffdd210000 - 0x00007fffdd218000 	C:\Windows\System32\NSI.dll
0x00007fffd1cf0000 - 0x00007fffd1d07000 	C:\Windows\SYSTEM32\dhcpcsvc6.DLL
0x00007fffd32d0000 - 0x00007fffd32ed000 	C:\Windows\SYSTEM32\dhcpcsvc.DLL
0x00007fffd9f00000 - 0x00007fffd9fcc000 	C:\Windows\SYSTEM32\DNSAPI.dll
0x00007fffd4910000 - 0x00007fffd491b000 	C:\Windows\SYSTEM32\WINNSI.DLL

VM Arguments:
jvm_args: -Xmx2048m -Dfile.encoding=UTF-8 -Duser.country=US -Duser.language=en -Duser.variant 
java_command: org.gradle.launcher.daemon.bootstrap.GradleDaemon 6.7.1
java_class_path (initial): C:\Users\GAISAAKS\.gradle\wrapper\dists\gradle-6.7.1-bin\bwlcbys1h7rz3272sye1xwiv6\gradle-6.7.1\lib\gradle-launcher-6.7.1.jar
Launcher Type: SUN_STANDARD

Environment Variables:
JAVA_HOME=C:\jdk_15.0.1
PATH=C:\Program Files\Microsoft MPI\Bin\;C:\app\GAISAAKS\product\18.0.0\dbhomeXE\bin;C:\Program Files\NVIDIA GPU Computing Toolkit\CUDA\v11.0\bin;C:\Program Files\NVIDIA GPU Computing Toolkit\CUDA\v11.0\libnvvp;C:\Program Files (x86)\Common Files\Intel\Shared Libraries\redist\intel64_win\compiler;C:\jdk_15.0.1\bin;C:\Windows\system32;C:\Windows;C:\Windows\System32\Wbem;C:\Windows\System32\WindowsPowerShell\v1.0\;C:\Windows\System32\OpenSSH\;C:\Program Files (x86)\Microsoft SQL Server\150\DTS\Binn\;C:\Program Files\NVIDIA Corporation\Nsight Compute 2020.1.1\;C:\Program Files (x86)\NVIDIA Corporation\PhysX\Common;C:\Program Files\Common Files\Autodesk Shared\;C:\ProgramData\Oracle\Java\javapath;C:\Program Files (x86)\Common Files\Oracle\Java\javapath;C:\Program Files\Microsoft SQL Server\120\Tools\Binn\;C:\java\apache_tomcat_8.5.53\bin;C:\java\jdbc\mysql-connector-java-8.0.13.jar;C:\Program Files\nodejs\;C:\Program Files\Docker\Docker\resources\bin;C:\ProgramData\DockerDesktop\version-bin;C:\Program Files\IBM\SPSS\Statistics\25\JRE\bin;C:\Program Files\dotnet\;C:\Program Files\Microsoft SQL Server\130\Tools\Binn\;C:\Program Files\Microsoft SQL Server\Client SDK\ODBC\170\Tools\Binn\;C:\java\jdk1.8.0_211\bin;C:\Program Files (x86)\Microsoft SQL Server\150\Tools\Binn\;C:\Program Files\Microsoft SQL Server\150\Tools\Binn\;C:\Program Files\Microsoft SQL Server\150\DTS\Binn\;C:\Program Files\MySQL\MySQL Shell 8.0\bin\;C:\Users\GAISAAKS\Anaconda3;C:\Users\GAISAAKS\Anaconda3\Library\mingw-w64\bin;C:\Users\GAISAAKS\Anaconda3\Library\usr\bin;C:\Users\GAISAAKS\Anaconda3\Library\bin;C:\Users\GAISAAKS\Anaconda3\Scripts;C:\Users\GAISAAKS\AppData\Local\Microsoft\WindowsApps;C:\Users\GAISAAKS\AppData\Local\GitHubDesktop\bin;C:\Program Files\JetBrains\IntelliJ IDEA Community Edition 2020.1.3\bin;;C:\Users\GAISAAKS\AppData\Local\Programs\Microsoft VS Code\bin;C:\Users\GAISAAKS\AppData\Roaming\npm;C:\Users\GAISAAKS\.dotnet\tools
USERNAME=GAISAAKS
OS=Windows_NT
PROCESSOR_IDENTIFIER=Intel64 Family 6 Model 58 Stepping 9, GenuineIntel



---------------  S Y S T E M  ---------------

OS: Windows 10.0 , 64 bit Build 19041 (10.0.19041.928)

CPU:total 4 (initial active 4) (2 cores per cpu, 2 threads per core) family 6 model 58 stepping 9, cmov, cx8, fxsr, mmx, sse, sse2, sse3, ssse3, sse4.1, sse4.2, popcnt, avx, aes, clmul, erms, ht, tsc, tscinvbit, tscinv

Memory: 4k page, physical 6174400k(854524k free), swap 7718000k(29576k free)

vm_info: Java HotSpot(TM) 64-Bit Server VM (25.211-b12) for windows-amd64 JRE (1.8.0_211-b12), built on Apr  1 2019 20:53:26 by "java_re" with MS VC++ 10.0 (VS2010)

time: Tue Jun 01 23:29:37 2021
timezone: South Africa Standard Time
elapsed time: 5 seconds (0d 0h 0m 5s)

