#
# There is insufficient memory for the Java Runtime Environment to continue.
# Native memory allocation (malloc) failed to allocate 32744 bytes for ChunkPool::allocate
# Possible reasons:
#   The system is out of physical RAM or swap space
#   The process is running with CompressedOops enabled, and the Java Heap may be blocking the growth of the native heap
# Possible solutions:
#   Reduce memory load on the system
#   Increase physical memory or swap space
#   Check if swap backing store is full
#   Decrease Java heap size (-Xmx/-Xms)
#   Decrease number of Java threads
#   Decrease Java thread stack sizes (-Xss)
#   Set larger code cache with -XX:ReservedCodeCacheSize=
#   JVM is running with Unscaled Compressed Oops mode in which the Java heap is
#     placed in the first 4GB address space. The Java Heap base address is the
#     maximum limit for the native heap growth. Please use -XX:HeapBaseMinAddress
#     to set the Java Heap base and to place the Java Heap above 4GB virtual address.
# This output file may be truncated or incomplete.
#
#  Out of Memory Error (allocation.cpp:272), pid=12700, tid=0x0000000000002188
#
# JRE version: Java(TM) SE Runtime Environment (8.0_211-b12) (build 1.8.0_211-b12)
# Java VM: Java HotSpot(TM) 64-Bit Server VM (25.211-b12 mixed mode windows-amd64 compressed oops)
# Failed to write core dump. Minidumps are not enabled by default on client versions of Windows
#

---------------  T H R E A D  ---------------

Current thread (0x0000000008cce800):  JavaThread "C2 CompilerThread1" daemon [_thread_in_native, id=8584, stack(0x000000000a420000,0x000000000a520000)]

Stack: [0x000000000a420000,0x000000000a520000]
[error occurred during error reporting (printing stack bounds), id 0xc0000005]

Native frames: (J=compiled Java code, j=interpreted, Vv=VM code, C=native code)


Current CompileTask:
C2:   6704 1557   !   4       java.net.URLClassLoader$1::run (63 bytes)


---------------  P R O C E S S  ---------------

Java Threads: ( => current thread )
  0x000000000bcc2000 JavaThread "Cache worker for journal cache (C:\Users\GAISAAKS\.gradle\caches\journal-1)" [_thread_blocked, id=6344, stack(0x000000000eda0000,0x000000000eea0000)]
  0x000000000bcc8000 JavaThread "File lock request listener" [_thread_in_native, id=10420, stack(0x000000000eca0000,0x000000000eda0000)]
  0x000000000bcc7800 JavaThread "Cache worker for file hash cache (C:\Users\GAISAAKS\.gradle\caches\6.7.1\fileHashes)" [_thread_blocked, id=11212, stack(0x000000000eaa0000,0x000000000eba0000)]
  0x000000000b973800 JavaThread "Thread-9" [_thread_blocked, id=1380, stack(0x000000000e7a0000,0x000000000e8a0000)]
  0x000000000a782000 JavaThread "Stdin handler" [_thread_blocked, id=13444, stack(0x000000000e6a0000,0x000000000e7a0000)]
  0x000000000a781800 JavaThread "Asynchronous log dispatcher for DefaultDaemonConnection: socket connection from /127.0.0.1:59583 to /127.0.0.1:59584" [_thread_blocked, id=9560, stack(0x000000000e5a0000,0x000000000e6a0000)]
  0x000000000c959000 JavaThread "Daemon worker" [_thread_in_native, id=12760, stack(0x000000000e4a0000,0x000000000e5a0000)]
  0x000000000a780800 JavaThread "Cancel handler" [_thread_blocked, id=12628, stack(0x000000000e3a0000,0x000000000e4a0000)]
  0x000000000c8c4800 JavaThread "Handler for socket connection from /127.0.0.1:59583 to /127.0.0.1:59584" [_thread_in_native, id=14748, stack(0x000000000e0a0000,0x000000000e1a0000)]
  0x000000000c8bf000 JavaThread "Daemon" [_thread_blocked, id=10908, stack(0x000000000dfa0000,0x000000000e0a0000)]
  0x000000000c935800 JavaThread "Daemon periodic checks" [_thread_blocked, id=9424, stack(0x000000000dea0000,0x000000000dfa0000)]
  0x000000000c813000 JavaThread "Incoming local TCP Connector on port 59583" [_thread_in_native, id=5472, stack(0x000000000dc60000,0x000000000dd60000)]
  0x000000000c8de000 JavaThread "Daemon health stats" [_thread_blocked, id=14432, stack(0x000000000ac20000,0x000000000ad20000)]
  0x000000000a533000 JavaThread "Service Thread" daemon [_thread_blocked, id=1328, stack(0x000000000aa20000,0x000000000ab20000)]
  0x000000000a530800 JavaThread "C1 CompilerThread2" daemon [_thread_blocked, id=14984, stack(0x000000000a920000,0x000000000aa20000)]
=>0x0000000008cce800 JavaThread "C2 CompilerThread1" daemon [_thread_in_native, id=8584, stack(0x000000000a420000,0x000000000a520000)]
  0x0000000008ccb800 JavaThread "C2 CompilerThread0" daemon [_thread_in_native, id=8372, stack(0x000000000a320000,0x000000000a420000)]
  0x0000000008cc6800 JavaThread "Attach Listener" daemon [_thread_blocked, id=1832, stack(0x000000000a220000,0x000000000a320000)]
  0x0000000008cc5800 JavaThread "Signal Dispatcher" daemon [_thread_blocked, id=2200, stack(0x000000000a120000,0x000000000a220000)]
  0x0000000002fcd000 JavaThread "Finalizer" daemon [_thread_blocked, id=9756, stack(0x0000000009f20000,0x000000000a020000)]
  0x0000000008caa800 JavaThread "Reference Handler" daemon [_thread_blocked, id=11160, stack(0x0000000009e20000,0x0000000009f20000)]
  0x000000000309e800 JavaThread "main" [_thread_blocked, id=5812, stack(0x0000000002dc0000,0x0000000002ec0000)]

Other Threads:
  0x0000000008c88800 VMThread [stack: 0x0000000009d20000,0x0000000009e20000] [id=7032]
  0x000000000a536800 WatcherThread [stack: 0x000000000ab20000,0x000000000ac20000] [id=996]

VM state:not at safepoint (normal execution)

VM Mutex/Monitor currently owned by a thread: None

heap address: 0x0000000080000000, size: 2048 MB, Compressed Oops mode: 32-bit
Narrow klass base: 0x0000000000000000, Narrow klass shift: 3
Compressed class space size: 1073741824 Address: 0x0000000100000000

Heap:
 PSYoungGen      total 53248K, used 28212K [0x00000000d5580000, 0x00000000dc780000, 0x0000000100000000)
  eden space 49152K, 49% used [0x00000000d5580000,0x00000000d6d10ff8,0x00000000d8580000)
  from space 4096K, 99% used [0x00000000d8580000,0x00000000d897c030,0x00000000d8980000)
  to   space 9216K, 0% used [0x00000000dbe80000,0x00000000dbe80000,0x00000000dc780000)
 ParOldGen       total 65536K, used 7111K [0x0000000080000000, 0x0000000084000000, 0x00000000d5580000)
  object space 65536K, 10% used [0x0000000080000000,0x00000000806f1ee0,0x0000000084000000)
 Metaspace       used 17400K, capacity 17960K, committed 18176K, reserved 1064960K
  class space    used 2548K, capacity 2704K, committed 2816K, reserved 1048576K

Card table byte_map: [0x0000000003460000,0x0000000003870000] byte_map_base: 0x0000000003060000

Marking Bits: (ParMarkBitMap*) 0x000000005a235ce0
 Begin Bits: [0x0000000003f20000, 0x0000000005f20000)
 End Bits:   [0x0000000005f20000, 0x0000000007f20000)

Polling page: 0x00000000015e0000

CodeCache: size=245760Kb used=5683Kb max_used=5683Kb free=240076Kb
 bounds [0x000000000f010000, 0x000000000f5a0000, 0x000000001e010000]
 total_blobs=2017 nmethods=1618 adapters=311
 compilation: enabled

Compilation events (10 events):
Event: 6.639 Thread 0x000000000a530800 1619       3       org.gradle.internal.service.DefaultServiceRegistry$ManagedObjectServiceProvider::fromSameRegistry (27 bytes)
Event: 6.639 Thread 0x000000000a530800 nmethod 1619 0x000000000f59d150 code [0x000000000f59d2c0, 0x000000000f59d690]
Event: 6.655 Thread 0x000000000a530800 1620       3       org.gradle.internal.service.DefaultServiceRegistry$ParentServices::getService (11 bytes)
Event: 6.655 Thread 0x000000000a530800 nmethod 1620 0x000000000f59d750 code [0x000000000f59d8c0, 0x000000000f59dae8]
Event: 6.670 Thread 0x000000000a530800 1622       3       java.lang.StringBuilder::append (10 bytes)
Event: 6.670 Thread 0x000000000a530800 nmethod 1622 0x000000000f59dbd0 code [0x000000000f59dd40, 0x000000000f59dec8]
Event: 6.670 Thread 0x000000000a530800 1623       1       com.google.common.io.LineReader::access$000 (5 bytes)
Event: 6.670 Thread 0x000000000a530800 nmethod 1623 0x000000000f59df50 code [0x000000000f59e0a0, 0x000000000f59e190]
Event: 6.696 Thread 0x000000000a530800 1624       2       java.lang.Throwable::<init> (39 bytes)
Event: 6.697 Thread 0x000000000a530800 nmethod 1624 0x000000000f59e210 code [0x000000000f59e380, 0x000000000f59e5a8]

GC Heap History (10 events):
Event: 1.793 GC heap before
{Heap before GC invocations=1 (full 0):
 PSYoungGen      total 28672K, used 24576K [0x00000000d5580000, 0x00000000d7580000, 0x0000000100000000)
  eden space 24576K, 100% used [0x00000000d5580000,0x00000000d6d80000,0x00000000d6d80000)
  from space 4096K, 0% used [0x00000000d7180000,0x00000000d7180000,0x00000000d7580000)
  to   space 4096K, 0% used [0x00000000d6d80000,0x00000000d6d80000,0x00000000d7180000)
 ParOldGen       total 65536K, used 0K [0x0000000080000000, 0x0000000084000000, 0x00000000d5580000)
  object space 65536K, 0% used [0x0000000080000000,0x0000000080000000,0x0000000084000000)
 Metaspace       used 6511K, capacity 6732K, committed 6912K, reserved 1056768K
  class space    used 825K, capacity 908K, committed 1024K, reserved 1048576K
Event: 1.815 GC heap after
Heap after GC invocations=1 (full 0):
 PSYoungGen      total 28672K, used 3536K [0x00000000d5580000, 0x00000000d7580000, 0x0000000100000000)
  eden space 24576K, 0% used [0x00000000d5580000,0x00000000d5580000,0x00000000d6d80000)
  from space 4096K, 86% used [0x00000000d6d80000,0x00000000d70f43b8,0x00000000d7180000)
  to   space 4096K, 0% used [0x00000000d7180000,0x00000000d7180000,0x00000000d7580000)
 ParOldGen       total 65536K, used 8K [0x0000000080000000, 0x0000000084000000, 0x00000000d5580000)
  object space 65536K, 0% used [0x0000000080000000,0x0000000080002000,0x0000000084000000)
 Metaspace       used 6511K, capacity 6732K, committed 6912K, reserved 1056768K
  class space    used 825K, capacity 908K, committed 1024K, reserved 1048576K
}
Event: 2.778 GC heap before
{Heap before GC invocations=2 (full 0):
 PSYoungGen      total 28672K, used 28112K [0x00000000d5580000, 0x00000000d7580000, 0x0000000100000000)
  eden space 24576K, 100% used [0x00000000d5580000,0x00000000d6d80000,0x00000000d6d80000)
  from space 4096K, 86% used [0x00000000d6d80000,0x00000000d70f43b8,0x00000000d7180000)
  to   space 4096K, 0% used [0x00000000d7180000,0x00000000d7180000,0x00000000d7580000)
 ParOldGen       total 65536K, used 8K [0x0000000080000000, 0x0000000084000000, 0x00000000d5580000)
  object space 65536K, 0% used [0x0000000080000000,0x0000000080002000,0x0000000084000000)
 Metaspace       used 7195K, capacity 7474K, committed 7680K, reserved 1056768K
  class space    used 906K, capacity 1005K, committed 1024K, reserved 1048576K
Event: 2.786 GC heap after
Heap after GC invocations=2 (full 0):
 PSYoungGen      total 28672K, used 3209K [0x00000000d5580000, 0x00000000d8d80000, 0x0000000100000000)
  eden space 24576K, 0% used [0x00000000d5580000,0x00000000d5580000,0x00000000d6d80000)
  from space 4096K, 78% used [0x00000000d7180000,0x00000000d74a2728,0x00000000d7580000)
  to   space 4096K, 0% used [0x00000000d6d80000,0x00000000d6d80000,0x00000000d7180000)
 ParOldGen       total 65536K, used 16K [0x0000000080000000, 0x0000000084000000, 0x00000000d5580000)
  object space 65536K, 0% used [0x0000000080000000,0x0000000080004000,0x0000000084000000)
 Metaspace       used 7195K, capacity 7474K, committed 7680K, reserved 1056768K
  class space    used 906K, capacity 1005K, committed 1024K, reserved 1048576K
}
Event: 3.241 GC heap before
{Heap before GC invocations=3 (full 0):
 PSYoungGen      total 28672K, used 27785K [0x00000000d5580000, 0x00000000d8d80000, 0x0000000100000000)
  eden space 24576K, 100% used [0x00000000d5580000,0x00000000d6d80000,0x00000000d6d80000)
  from space 4096K, 78% used [0x00000000d7180000,0x00000000d74a2728,0x00000000d7580000)
  to   space 4096K, 0% used [0x00000000d6d80000,0x00000000d6d80000,0x00000000d7180000)
 ParOldGen       total 65536K, used 16K [0x0000000080000000, 0x0000000084000000, 0x00000000d5580000)
  object space 65536K, 0% used [0x0000000080000000,0x0000000080004000,0x0000000084000000)
 Metaspace       used 7496K, capacity 7818K, committed 8064K, reserved 1056768K
  class space    used 963K, capacity 1077K, committed 1152K, reserved 1048576K
Event: 3.253 GC heap after
Heap after GC invocations=3 (full 0):
 PSYoungGen      total 28672K, used 3694K [0x00000000d5580000, 0x00000000d8d80000, 0x0000000100000000)
  eden space 24576K, 0% used [0x00000000d5580000,0x00000000d5580000,0x00000000d6d80000)
  from space 4096K, 90% used [0x00000000d6d80000,0x00000000d711b800,0x00000000d7180000)
  to   space 4096K, 0% used [0x00000000d8980000,0x00000000d8980000,0x00000000d8d80000)
 ParOldGen       total 65536K, used 24K [0x0000000080000000, 0x0000000084000000, 0x00000000d5580000)
  object space 65536K, 0% used [0x0000000080000000,0x0000000080006000,0x0000000084000000)
 Metaspace       used 7496K, capacity 7818K, committed 8064K, reserved 1056768K
  class space    used 963K, capacity 1077K, committed 1152K, reserved 1048576K
}
Event: 5.391 GC heap before
{Heap before GC invocations=4 (full 0):
 PSYoungGen      total 28672K, used 28270K [0x00000000d5580000, 0x00000000d8d80000, 0x0000000100000000)
  eden space 24576K, 100% used [0x00000000d5580000,0x00000000d6d80000,0x00000000d6d80000)
  from space 4096K, 90% used [0x00000000d6d80000,0x00000000d711b800,0x00000000d7180000)
  to   space 4096K, 0% used [0x00000000d8980000,0x00000000d8980000,0x00000000d8d80000)
 ParOldGen       total 65536K, used 24K [0x0000000080000000, 0x0000000084000000, 0x00000000d5580000)
  object space 65536K, 0% used [0x0000000080000000,0x0000000080006000,0x0000000084000000)
 Metaspace       used 12020K, capacity 12384K, committed 12544K, reserved 1060864K
  class space    used 1631K, capacity 1754K, committed 1792K, reserved 1048576K
Event: 5.399 GC heap after
Heap after GC invocations=4 (full 0):
 PSYoungGen      total 53248K, used 4096K [0x00000000d5580000, 0x00000000d8d80000, 0x0000000100000000)
  eden space 49152K, 0% used [0x00000000d5580000,0x00000000d5580000,0x00000000d8580000)
  from space 4096K, 100% used [0x00000000d8980000,0x00000000d8d80000,0x00000000d8d80000)
  to   space 4096K, 0% used [0x00000000d8580000,0x00000000d8580000,0x00000000d8980000)
 ParOldGen       total 65536K, used 2049K [0x0000000080000000, 0x0000000084000000, 0x00000000d5580000)
  object space 65536K, 3% used [0x0000000080000000,0x00000000802005d8,0x0000000084000000)
 Metaspace       used 12020K, capacity 12384K, committed 12544K, reserved 1060864K
  class space    used 1631K, capacity 1754K, committed 1792K, reserved 1048576K
}
Event: 6.322 GC heap before
{Heap before GC invocations=5 (full 0):
 PSYoungGen      total 53248K, used 53248K [0x00000000d5580000, 0x00000000d8d80000, 0x0000000100000000)
  eden space 49152K, 100% used [0x00000000d5580000,0x00000000d8580000,0x00000000d8580000)
  from space 4096K, 100% used [0x00000000d8980000,0x00000000d8d80000,0x00000000d8d80000)
  to   space 4096K, 0% used [0x00000000d8580000,0x00000000d8580000,0x00000000d8980000)
 ParOldGen       total 65536K, used 2049K [0x0000000080000000, 0x0000000084000000, 0x00000000d5580000)
  object space 65536K, 3% used [0x0000000080000000,0x00000000802005d8,0x0000000084000000)
 Metaspace       used 16337K, capacity 16900K, committed 17152K, reserved 1064960K
  class space    used 2343K, capacity 2500K, committed 2560K, reserved 1048576K
Event: 6.345 GC heap after
Heap after GC invocations=5 (full 0):
 PSYoungGen      total 53248K, used 4080K [0x00000000d5580000, 0x00000000dc780000, 0x0000000100000000)
  eden space 49152K, 0% used [0x00000000d5580000,0x00000000d5580000,0x00000000d8580000)
  from space 4096K, 99% used [0x00000000d8580000,0x00000000d897c030,0x00000000d8980000)
  to   space 9216K, 0% used [0x00000000dbe80000,0x00000000dbe80000,0x00000000dc780000)
 ParOldGen       total 65536K, used 7111K [0x0000000080000000, 0x0000000084000000, 0x00000000d5580000)
  object space 65536K, 10% used [0x0000000080000000,0x00000000806f1ee0,0x0000000084000000)
 Metaspace       used 16337K, capacity 16900K, committed 17152K, reserved 1064960K
  class space    used 2343K, capacity 2500K, committed 2560K, reserved 1048576K
}

Deoptimization events (10 events):
Event: 5.910 Thread 0x000000000c959000 Uncommon trap: reason=class_check action=maybe_recompile pc=0x000000000f340f84 method=java.util.regex.Matcher.match(II)Z @ 86
Event: 5.911 Thread 0x000000000c959000 Uncommon trap: reason=class_check action=maybe_recompile pc=0x000000000f340f84 method=java.util.regex.Matcher.match(II)Z @ 86
Event: 5.912 Thread 0x000000000c959000 Uncommon trap: reason=class_check action=maybe_recompile pc=0x000000000f1cc220 method=java.util.regex.Matcher.match(II)Z @ 86
Event: 6.060 Thread 0x000000000c959000 Uncommon trap: reason=unstable_if action=reinterpret pc=0x000000000f341e1c method=java.io.File.getName()Ljava/lang/String; @ 16
Event: 6.060 Thread 0x000000000c959000 Uncommon trap: reason=unstable_if action=reinterpret pc=0x000000000f339794 method=java.lang.String.substring(I)Ljava/lang/String; @ 35
Event: 6.614 Thread 0x000000000c959000 Uncommon trap: reason=unstable_if action=reinterpret pc=0x000000000f32e470 method=java.util.LinkedHashMap.afterNodeInsertion(Z)V @ 1
Event: 6.615 Thread 0x000000000c959000 Uncommon trap: reason=unstable_if action=reinterpret pc=0x000000000f292ab4 method=java.util.HashMap.getNode(ILjava/lang/Object;)Ljava/util/HashMap$Node; @ 129
Event: 6.615 Thread 0x000000000c959000 Uncommon trap: reason=bimorphic action=maybe_recompile pc=0x000000000f4e4084 method=java.util.HashMap.putVal(ILjava/lang/Object;Ljava/lang/Object;ZZ)Ljava/lang/Object; @ 203
Event: 6.615 Thread 0x000000000c959000 Uncommon trap: reason=unstable_if action=reinterpret pc=0x000000000f280784 method=java.util.HashMap.getNode(ILjava/lang/Object;)Ljava/util/HashMap$Node; @ 129
Event: 6.616 Thread 0x000000000c959000 Uncommon trap: reason=bimorphic action=maybe_recompile pc=0x000000000f4e4084 method=java.util.HashMap.putVal(ILjava/lang/Object;Ljava/lang/Object;ZZ)Ljava/lang/Object; @ 203

Classes redefined (0 events):
No events

Internal exceptions (10 events):
Event: 5.302 Thread 0x000000000c8c4800 Exception <a 'java/lang/NoSuchMethodError': <clinit>> (0x00000000d6b65d10) thrown at [C:\re\workspace\8-2-build-windows-amd64-cygwin\jdk8u211\12973\hotspot\src\share\vm\prims\jni.cpp, line 1614]
Event: 5.305 Thread 0x000000000c8c4800 Exception <a 'java/lang/NoSuchMethodError': <clinit>> (0x00000000d6b7f2f0) thrown at [C:\re\workspace\8-2-build-windows-amd64-cygwin\jdk8u211\12973\hotspot\src\share\vm\prims\jni.cpp, line 1614]
Event: 5.325 Thread 0x000000000c8c4800 Exception <a 'java/lang/NoSuchMethodError': <clinit>> (0x00000000d6beb758) thrown at [C:\re\workspace\8-2-build-windows-amd64-cygwin\jdk8u211\12973\hotspot\src\share\vm\prims\jni.cpp, line 1614]
Event: 5.339 Thread 0x000000000c8c4800 Exception <a 'java/lang/NoSuchMethodError': <clinit>> (0x00000000d6c27b60) thrown at [C:\re\workspace\8-2-build-windows-amd64-cygwin\jdk8u211\12973\hotspot\src\share\vm\prims\jni.cpp, line 1614]
Event: 5.352 Thread 0x000000000c8c4800 Exception <a 'java/lang/NoSuchMethodError': <clinit>> (0x00000000d6c5f390) thrown at [C:\re\workspace\8-2-build-windows-amd64-cygwin\jdk8u211\12973\hotspot\src\share\vm\prims\jni.cpp, line 1614]
Event: 5.752 Thread 0x000000000c959000 Exception <a 'java/lang/NoSuchMethodError': java.lang.Object.lambda$static$0(Lorg/gradle/internal/state/ModelObject;)Ljava/lang/String;> (0x00000000d68c3e80) thrown at [C:\re\workspace\8-2-build-windows-amd64-cygwin\jdk8u211\12973\hotspot\src\share\vm\int
Event: 6.139 Thread 0x000000000c959000 Exception <a 'java/lang/NoSuchMethodError': java.lang.Object.lambda$and$0(Ljava/util/function/Predicate;Ljava/lang/Object;)Z> (0x00000000d7d84af8) thrown at [C:\re\workspace\8-2-build-windows-amd64-cygwin\jdk8u211\12973\hotspot\src\share\vm\interpreter\li
Event: 6.146 Thread 0x000000000c959000 Exception <a 'java/lang/IncompatibleClassChangeError': Found class java.lang.Object, but interface was expected> (0x00000000d7d94ed8) thrown at [C:\re\workspace\8-2-build-windows-amd64-cygwin\jdk8u211\12973\hotspot\src\share\vm\interpreter\linkResolver.cp
Event: 6.148 Thread 0x000000000c959000 Exception <a 'java/lang/NoSuchMethodError': java.lang.Object.lambda$or$2(Ljava/util/function/Predicate;Ljava/lang/Object;)Z> (0x00000000d7d99c10) thrown at [C:\re\workspace\8-2-build-windows-amd64-cygwin\jdk8u211\12973\hotspot\src\share\vm\interpreter\lin
Event: 6.216 Thread 0x000000000c959000 Exception <a 'java/lang/NoSuchMethodError': java.lang.Object.lambda$comparing$77a9974f$1(Ljava/util/function/Function;Ljava/lang/Object;Ljava/lang/Object;)I> (0x00000000d813ba20) thrown at [C:\re\workspace\8-2-build-windows-amd64-cygwin\jdk8u211\12973\hot

Events (10 events):
Event: 6.695 loading class com/google/common/base/CharMatcher$JavaIsoControl
Event: 6.695 loading class com/google/common/base/CharMatcher$JavaIsoControl done
Event: 6.695 loading class com/google/common/base/CharMatcher$SingleWidth
Event: 6.695 loading class com/google/common/base/CharMatcher$SingleWidth done
Event: 6.696 loading class com/google/common/base/CharMatcher$IsNot
Event: 6.696 loading class com/google/common/base/CharMatcher$IsNot done
Event: 6.697 loading class com/google/common/base/CharMatcher$ForPredicate
Event: 6.697 loading class com/google/common/base/CharMatcher$ForPredicate done
Event: 6.698 loading class com/google/common/base/CharMatcher$BitSetMatcher
Event: 6.698 loading class com/google/common/base/CharMatcher$BitSetMatcher done


Dynamic libraries:
0x00007ff78c1e0000 - 0x00007ff78c217000 	C:\GAI_ExtHDD\Old_F_DRIVE\Java\jdk1.8.0_211\bin\java.exe
0x00007fffdd410000 - 0x00007fffdd605000 	C:\Windows\SYSTEM32\ntdll.dll
0x00007fffdc520000 - 0x00007fffdc5dd000 	C:\Windows\System32\KERNEL32.DLL
0x00007fffdaf90000 - 0x00007fffdb258000 	C:\Windows\System32\KERNELBASE.dll
0x00007fffdc710000 - 0x00007fffdc7bc000 	C:\Windows\System32\ADVAPI32.dll
0x00007fffdc140000 - 0x00007fffdc1de000 	C:\Windows\System32\msvcrt.dll
0x00007fffdd050000 - 0x00007fffdd0eb000 	C:\Windows\System32\sechost.dll
0x00007fffdbfb0000 - 0x00007fffdc0db000 	C:\Windows\System32\RPCRT4.dll
0x00007fffdbe10000 - 0x00007fffdbfb0000 	C:\Windows\System32\USER32.dll
0x00007fffdab50000 - 0x00007fffdab72000 	C:\Windows\System32\win32u.dll
0x00007fffdd230000 - 0x00007fffdd25a000 	C:\Windows\System32\GDI32.dll
0x00007fffdb360000 - 0x00007fffdb46b000 	C:\Windows\System32\gdi32full.dll
0x00007fffdabb0000 - 0x00007fffdac4d000 	C:\Windows\System32\msvcp_win.dll
0x00007fffdb260000 - 0x00007fffdb360000 	C:\Windows\System32\ucrtbase.dll
0x00007fffb3bc0000 - 0x00007fffb3e5a000 	C:\Windows\WinSxS\amd64_microsoft.windows.common-controls_6595b64144ccf1df_6.0.19041.844_none_ca00b6081b84eb1d\COMCTL32.dll
0x00007fffdd2d0000 - 0x00007fffdd300000 	C:\Windows\System32\IMM32.DLL
0x00007fffda960000 - 0x00007fffda991000 	C:\Windows\system32\nvinitx.dll
0x00007fffda950000 - 0x00007fffda95a000 	C:\Windows\SYSTEM32\VERSION.dll
0x000000000f000000 - 0x000000000f006000 	C:\Program Files\NVIDIA Corporation\CoProcManager\_etoured.dll
0x00007fffd66a0000 - 0x00007fffd66d2000 	C:\Program Files\NVIDIA Corporation\CoProcManager\nvd3d9wrapx.dll
0x00007fffdb640000 - 0x00007fffdbaa9000 	C:\Windows\System32\SETUPAPI.dll
0x00007fffdaf40000 - 0x00007fffdaf8e000 	C:\Windows\System32\cfgmgr32.dll
0x00007fffdab80000 - 0x00007fffdaba7000 	C:\Windows\System32\bcrypt.dll
0x00007fffd6670000 - 0x00007fffd6692000 	C:\Program Files\NVIDIA Corporation\CoProcManager\nvdxgiwrapx.dll
0x000000005a2c0000 - 0x000000005a392000 	C:\GAI_ExtHDD\Old_F_DRIVE\Java\jdk1.8.0_211\jre\bin\msvcr100.dll
0x0000000059a10000 - 0x000000005a2b5000 	C:\GAI_ExtHDD\Old_F_DRIVE\Java\jdk1.8.0_211\jre\bin\server\jvm.dll
0x00007fffdd2c0000 - 0x00007fffdd2c8000 	C:\Windows\System32\PSAPI.DLL
0x00007fffcd8c0000 - 0x00007fffcd8c9000 	C:\Windows\SYSTEM32\WSOCK32.dll
0x00007fffdc7c0000 - 0x00007fffdc82b000 	C:\Windows\System32\WS2_32.dll
0x00007fffcc720000 - 0x00007fffcc747000 	C:\Windows\SYSTEM32\WINMM.dll
0x00007fffd6500000 - 0x00007fffd650f000 	C:\GAI_ExtHDD\Old_F_DRIVE\Java\jdk1.8.0_211\jre\bin\verify.dll
0x00007fffc55e0000 - 0x00007fffc5609000 	C:\GAI_ExtHDD\Old_F_DRIVE\Java\jdk1.8.0_211\jre\bin\java.dll
0x00007fffc55c0000 - 0x00007fffc55d6000 	C:\GAI_ExtHDD\Old_F_DRIVE\Java\jdk1.8.0_211\jre\bin\zip.dll
0x00007fffdc900000 - 0x00007fffdd042000 	C:\Windows\System32\SHELL32.dll
0x00007fffd8c10000 - 0x00007fffd93a0000 	C:\Windows\SYSTEM32\windows.storage.dll
0x00007fffdbab0000 - 0x00007fffdbe05000 	C:\Windows\System32\combase.dll
0x00007fffda3d0000 - 0x00007fffda3fc000 	C:\Windows\SYSTEM32\Wldp.dll
0x00007fffdd320000 - 0x00007fffdd3ce000 	C:\Windows\System32\SHCORE.dll
0x00007fffdb5e0000 - 0x00007fffdb635000 	C:\Windows\System32\shlwapi.dll
0x00007fffdaa90000 - 0x00007fffdaaaf000 	C:\Windows\SYSTEM32\profapi.dll
0x00007fffab940000 - 0x00007fffab95a000 	C:\GAI_ExtHDD\Old_F_DRIVE\Java\jdk1.8.0_211\jre\bin\net.dll
0x00007fffcff50000 - 0x00007fffd013e000 	C:\Windows\SYSTEM32\urlmon.dll
0x00007fffcf7f0000 - 0x00007fffcfaa0000 	C:\Windows\SYSTEM32\iertutil.dll
0x00007fffda1b0000 - 0x00007fffda21a000 	C:\Windows\system32\mswsock.dll
0x00007fffa6530000 - 0x00007fffa6542000 	C:\GAI_ExtHDD\Old_F_DRIVE\Java\jdk1.8.0_211\jre\bin\nio.dll
0x00007fffac250000 - 0x00007fffac277000 	C:\Users\GAISAAKS\.gradle\native\fdc75f09e3144964f2cf3f50f0aa648679c211496f362492102eb8c894070792\windows-amd64\native-platform.dll
0x00007fff93480000 - 0x00007fff93616000 	C:\Users\GAISAAKS\.gradle\native\12488b8bf47d2d4c9fbf2f6322a914ad602e24e48041cd04a747c6da556b65c4\windows-amd64\native-platform-file-events.dll
0x00007fffce7a0000 - 0x00007fffce7ad000 	C:\GAI_ExtHDD\Old_F_DRIVE\Java\jdk1.8.0_211\jre\bin\management.dll
0x00007fffda410000 - 0x00007fffda428000 	C:\Windows\SYSTEM32\CRYPTSP.dll
0x00007fffd9b70000 - 0x00007fffd9ba4000 	C:\Windows\system32\rsaenh.dll
0x00007fffdaa50000 - 0x00007fffdaa7e000 	C:\Windows\SYSTEM32\USERENV.dll
0x00007fffdac50000 - 0x00007fffdacd0000 	C:\Windows\System32\bcryptprimitives.dll
0x00007fffda330000 - 0x00007fffda33c000 	C:\Windows\SYSTEM32\CRYPTBASE.dll
0x00007fffd9ec0000 - 0x00007fffd9efb000 	C:\Windows\SYSTEM32\IPHLPAPI.DLL
0x00007fffdd210000 - 0x00007fffdd218000 	C:\Windows\System32\NSI.dll
0x00007fffd1cf0000 - 0x00007fffd1d07000 	C:\Windows\SYSTEM32\dhcpcsvc6.DLL
0x00007fffd32d0000 - 0x00007fffd32ed000 	C:\Windows\SYSTEM32\dhcpcsvc.DLL
0x00007fffd9f00000 - 0x00007fffd9fcc000 	C:\Windows\SYSTEM32\DNSAPI.dll
0x00007fffd4910000 - 0x00007fffd491b000 	C:\Windows\SYSTEM32\WINNSI.DLL

VM Arguments:
jvm_args: -Xmx2048m -Dfile.encoding=UTF-8 -Duser.country=US -Duser.language=en -Duser.variant 
java_command: org.gradle.launcher.daemon.bootstrap.GradleDaemon 6.7.1
java_class_path (initial): C:\Users\GAISAAKS\.gradle\wrapper\dists\gradle-6.7.1-bin\bwlcbys1h7rz3272sye1xwiv6\gradle-6.7.1\lib\gradle-launcher-6.7.1.jar
Launcher Type: SUN_STANDARD

Environment Variables:
JAVA_HOME=C:\jdk_15.0.1
PATH=C:\Program Files\Microsoft MPI\Bin\;C:\app\GAISAAKS\product\18.0.0\dbhomeXE\bin;C:\Program Files\NVIDIA GPU Computing Toolkit\CUDA\v11.0\bin;C:\Program Files\NVIDIA GPU Computing Toolkit\CUDA\v11.0\libnvvp;C:\Program Files (x86)\Common Files\Intel\Shared Libraries\redist\intel64_win\compiler;C:\jdk_15.0.1\bin;C:\Windows\system32;C:\Windows;C:\Windows\System32\Wbem;C:\Windows\System32\WindowsPowerShell\v1.0\;C:\Windows\System32\OpenSSH\;C:\Program Files (x86)\Microsoft SQL Server\150\DTS\Binn\;C:\Program Files\NVIDIA Corporation\Nsight Compute 2020.1.1\;C:\Program Files (x86)\NVIDIA Corporation\PhysX\Common;C:\Program Files\Common Files\Autodesk Shared\;C:\ProgramData\Oracle\Java\javapath;C:\Program Files (x86)\Common Files\Oracle\Java\javapath;C:\Program Files\Microsoft SQL Server\120\Tools\Binn\;C:\java\apache_tomcat_8.5.53\bin;C:\java\jdbc\mysql-connector-java-8.0.13.jar;C:\Program Files\nodejs\;C:\Program Files\Docker\Docker\resources\bin;C:\ProgramData\DockerDesktop\version-bin;C:\Program Files\IBM\SPSS\Statistics\25\JRE\bin;C:\Program Files\dotnet\;C:\Program Files\Microsoft SQL Server\130\Tools\Binn\;C:\Program Files\Microsoft SQL Server\Client SDK\ODBC\170\Tools\Binn\;C:\java\jdk1.8.0_211\bin;C:\Program Files (x86)\Microsoft SQL Server\150\Tools\Binn\;C:\Program Files\Microsoft SQL Server\150\Tools\Binn\;C:\Program Files\Microsoft SQL Server\150\DTS\Binn\;C:\Program Files\MySQL\MySQL Shell 8.0\bin\;C:\Users\GAISAAKS\Anaconda3;C:\Users\GAISAAKS\Anaconda3\Library\mingw-w64\bin;C:\Users\GAISAAKS\Anaconda3\Library\usr\bin;C:\Users\GAISAAKS\Anaconda3\Library\bin;C:\Users\GAISAAKS\Anaconda3\Scripts;C:\Users\GAISAAKS\AppData\Local\Microsoft\WindowsApps;C:\Users\GAISAAKS\AppData\Local\GitHubDesktop\bin;C:\Program Files\JetBrains\IntelliJ IDEA Community Edition 2020.1.3\bin;;C:\Users\GAISAAKS\AppData\Local\Programs\Microsoft VS Code\bin;C:\Users\GAISAAKS\AppData\Roaming\npm;C:\Users\GAISAAKS\.dotnet\tools
USERNAME=GAISAAKS
OS=Windows_NT
PROCESSOR_IDENTIFIER=Intel64 Family 6 Model 58 Stepping 9, GenuineIntel



---------------  S Y S T E M  ---------------

OS: Windows 10.0 , 64 bit Build 19041 (10.0.19041.928)

CPU:total 4 (initial active 4) (2 cores per cpu, 2 threads per core) family 6 model 58 stepping 9, cmov, cx8, fxsr, mmx, sse, sse2, sse3, ssse3, sse4.1, sse4.2, popcnt, avx, aes, clmul, erms, ht, tsc, tscinvbit, tscinv

Memory: 4k page, physical 6174400k(855864k free), swap 7718000k(4108k free)

vm_info: Java HotSpot(TM) 64-Bit Server VM (25.211-b12) for windows-amd64 JRE (1.8.0_211-b12), built on Apr  1 2019 20:53:26 by "java_re" with MS VC++ 10.0 (VS2010)

time: Tue Jun 01 23:30:30 2021
timezone: South Africa Standard Time
elapsed time: 6 seconds (0d 0h 0m 6s)

